<?xml version="1.0" encoding="UTF-8"?>
<!-- Generated by org.testng.reporters.JUnitReportReporter -->
<testsuite skipped="0" hostname="LAPTOP-TKGHDD60" name="com.codetest.AppTest" tests="2" failures="0" timestamp="2021-10-26T11:27:38 IST" time="0.010" errors="0">
  <testcase name="testlogin2" time="0.000" classname="com.codetest.AppTest"/>
  <system-out/>
  <testcase name="testlogin1" time="0.010" classname="com.codetest.AppTest"/>
  <system-out/>
</testsuite> <!-- com.codetest.AppTest -->
